{"/Users/rakshitbharat/hardware/obd-raw-data-parser/src/index.ts": {"path":"/Users/rakshitbharat/hardware/obd-raw-data-parser/src/index.ts","statementMap":{"0":{"start":{"line":1,"column":0},"end":{"line":1,"column":37}},"1":{"start":{"line":5,"column":36},"end":{"line":5,"column":38}},"2":{"start":{"line":7,"column":29},"end":{"line":7,"column":31}},"3":{"start":{"line":9,"column":2},"end":{"line":18,"column":null}},"4":{"start":{"line":16,"column":4},"end":{"line":16,"column":28}},"5":{"start":{"line":17,"column":4},"end":{"line":17,"column":17}},"6":{"start":{"line":20,"column":2},"end":{"line":20,"column":42}},"7":{"start":{"line":21,"column":2},"end":{"line":21,"column":18}},"8":{"start":{"line":23,"column":2},"end":{"line":25,"column":null}},"9":{"start":{"line":24,"column":4},"end":{"line":24,"column":53}},"10":{"start":{"line":27,"column":2},"end":{"line":95,"column":null}},"11":{"start":{"line":28,"column":4},"end":{"line":28,"column":40}},"12":{"start":{"line":29,"column":4},"end":{"line":29,"column":30}},"13":{"start":{"line":30,"column":4},"end":{"line":72,"column":null}},"14":{"start":{"line":30,"column":17},"end":{"line":30,"column":18}},"15":{"start":{"line":31,"column":6},"end":{"line":71,"column":null}},"16":{"start":{"line":32,"column":30},"end":{"line":32,"column":51}},"17":{"start":{"line":34,"column":8},"end":{"line":34,"column":42}},"18":{"start":{"line":35,"column":8},"end":{"line":35,"column":42}},"19":{"start":{"line":37,"column":32},"end":{"line":37,"column":63}},"20":{"start":{"line":38,"column":8},"end":{"line":40,"column":null}},"21":{"start":{"line":39,"column":10},"end":{"line":39,"column":16}},"22":{"start":{"line":42,"column":8},"end":{"line":69,"column":null}},"23":{"start":{"line":44,"column":12},"end":{"line":44,"column":88}},"24":{"start":{"line":45,"column":12},"end":{"line":45,"column":18}},"25":{"start":{"line":47,"column":12},"end":{"line":47,"column":103}},"26":{"start":{"line":48,"column":12},"end":{"line":48,"column":18}},"27":{"start":{"line":50,"column":12},"end":{"line":55,"column":45}},"28":{"start":{"line":56,"column":12},"end":{"line":56,"column":18}},"29":{"start":{"line":58,"column":12},"end":{"line":67,"column":45}},"30":{"start":{"line":68,"column":12},"end":{"line":68,"column":18}},"31":{"start":{"line":70,"column":8},"end":{"line":70,"column":14}},"32":{"start":{"line":73,"column":9},"end":{"line":95,"column":null}},"33":{"start":{"line":74,"column":4},"end":{"line":74,"column":40}},"34":{"start":{"line":75,"column":4},"end":{"line":94,"column":null}},"35":{"start":{"line":75,"column":17},"end":{"line":75,"column":18}},"36":{"start":{"line":76,"column":6},"end":{"line":93,"column":null}},"37":{"start":{"line":77,"column":32},"end":{"line":77,"column":63}},"38":{"start":{"line":78,"column":8},"end":{"line":80,"column":null}},"39":{"start":{"line":79,"column":10},"end":{"line":79,"column":16}},"40":{"start":{"line":82,"column":8},"end":{"line":82,"column":42}},"41":{"start":{"line":83,"column":8},"end":{"line":83,"column":42}},"42":{"start":{"line":85,"column":8},"end":{"line":92,"column":41}},"43":{"start":{"line":96,"column":2},"end":{"line":96,"column":15}},"44":{"start":{"line":4,"column":0},"end":{"line":4,"column":16}},"45":{"start":{"line":100,"column":22},"end":{"line":100,"column":67}},"46":{"start":{"line":100,"column":50},"end":{"line":100,"column":66}},"47":{"start":{"line":101,"column":2},"end":{"line":101,"column":29}},"48":{"start":{"line":99,"column":0},"end":{"line":99,"column":16}},"49":{"start":{"line":105,"column":2},"end":{"line":105,"column":22}},"50":{"start":{"line":104,"column":0},"end":{"line":104,"column":16}}},"fnMap":{"0":{"name":"parseOBDResponse","decl":{"start":{"line":4,"column":16},"end":{"line":4,"column":32}},"loc":{"start":{"line":4,"column":50},"end":{"line":97,"column":1}}},"1":{"name":"getPIDInfo","decl":{"start":{"line":99,"column":16},"end":{"line":99,"column":26}},"loc":{"start":{"line":99,"column":38},"end":{"line":102,"column":1}}},"2":{"name":"(anonymous_3)","decl":{"start":{"line":100,"column":40},"end":{"line":100,"column":41}},"loc":{"start":{"line":100,"column":50},"end":{"line":100,"column":66}}},"3":{"name":"getAllPIDs","decl":{"start":{"line":104,"column":16},"end":{"line":104,"column":26}},"loc":{"start":{"line":104,"column":26},"end":{"line":106,"column":1}}}},"branchMap":{"0":{"loc":{"start":{"line":9,"column":2},"end":{"line":18,"column":null}},"type":"if","locations":[{"start":{"line":9,"column":2},"end":{"line":18,"column":null}}]},"1":{"loc":{"start":{"line":10,"column":4},"end":{"line":14,"column":32}},"type":"binary-expr","locations":[{"start":{"line":10,"column":4},"end":{"line":10,"column":27}},{"start":{"line":11,"column":4},"end":{"line":11,"column":22}},{"start":{"line":12,"column":4},"end":{"line":12,"column":21}},{"start":{"line":13,"column":4},"end":{"line":13,"column":37}},{"start":{"line":14,"column":4},"end":{"line":14,"column":32}}]},"2":{"loc":{"start":{"line":27,"column":2},"end":{"line":95,"column":null}},"type":"if","locations":[{"start":{"line":27,"column":2},"end":{"line":95,"column":null}},{"start":{"line":73,"column":9},"end":{"line":95,"column":null}}]},"3":{"loc":{"start":{"line":31,"column":6},"end":{"line":71,"column":null}},"type":"if","locations":[{"start":{"line":31,"column":6},"end":{"line":71,"column":null}}]},"4":{"loc":{"start":{"line":38,"column":8},"end":{"line":40,"column":null}},"type":"if","locations":[{"start":{"line":38,"column":8},"end":{"line":40,"column":null}}]},"5":{"loc":{"start":{"line":42,"column":8},"end":{"line":69,"column":null}},"type":"switch","locations":[{"start":{"line":43,"column":10},"end":{"line":45,"column":18}},{"start":{"line":46,"column":10},"end":{"line":48,"column":18}},{"start":{"line":49,"column":10},"end":{"line":56,"column":18}},{"start":{"line":57,"column":10},"end":{"line":68,"column":18}}]},"6":{"loc":{"start":{"line":73,"column":9},"end":{"line":95,"column":null}},"type":"if","locations":[{"start":{"line":73,"column":9},"end":{"line":95,"column":null}}]},"7":{"loc":{"start":{"line":76,"column":6},"end":{"line":93,"column":null}},"type":"if","locations":[{"start":{"line":76,"column":6},"end":{"line":93,"column":null}}]},"8":{"loc":{"start":{"line":78,"column":8},"end":{"line":80,"column":null}},"type":"if","locations":[{"start":{"line":78,"column":8},"end":{"line":80,"column":null}}]},"9":{"loc":{"start":{"line":101,"column":9},"end":{"line":101,"column":28}},"type":"binary-expr","locations":[{"start":{"line":101,"column":9},"end":{"line":101,"column":20}},{"start":{"line":101,"column":24},"end":{"line":101,"column":28}}]}},"s":{"0":1,"1":47,"2":47,"3":47,"4":5,"5":5,"6":42,"7":42,"8":42,"9":174,"10":42,"11":40,"12":40,"13":40,"14":40,"15":1527,"16":39,"17":39,"18":39,"19":39,"20":39,"21":0,"22":39,"23":15,"24":15,"25":13,"26":13,"27":11,"28":11,"29":0,"30":0,"31":39,"32":2,"33":1,"34":1,"35":1,"36":103,"37":0,"38":0,"39":0,"40":0,"41":0,"42":0,"43":42,"44":1,"45":2,"46":116,"47":2,"48":1,"49":1,"50":1},"f":{"0":47,"1":2,"2":116,"3":1},"b":{"0":[5],"1":[47,46,45,44,43],"2":[40,2],"3":[39],"4":[0],"5":[15,13,11,0],"6":[1],"7":[0],"8":[0],"9":[2,1]}}
,"/Users/rakshitbharat/hardware/obd-raw-data-parser/src/obdInfo.ts": {"path":"/Users/rakshitbharat/hardware/obd-raw-data-parser/src/obdInfo.ts","statementMap":{"0":{"start":{"line":6,"column":2},"end":{"line":6,"column":34}},"1":{"start":{"line":11,"column":2},"end":{"line":11,"column":39}},"2":{"start":{"line":15,"column":2},"end":{"line":17,"column":null}},"3":{"start":{"line":16,"column":4},"end":{"line":16,"column":14}},"4":{"start":{"line":18,"column":2},"end":{"line":18,"column":50}},"5":{"start":{"line":22,"column":2},"end":{"line":22,"column":36}},"6":{"start":{"line":23,"column":2},"end":{"line":25,"column":null}},"7":{"start":{"line":24,"column":4},"end":{"line":24,"column":77}},"8":{"start":{"line":26,"column":2},"end":{"line":26,"column":16}},"9":{"start":{"line":30,"column":2},"end":{"line":30,"column":27}},"10":{"start":{"line":276,"column":2},"end":{"line":276,"column":12}},"11":{"start":{"line":34,"column":20},"end":{"line":34,"column":49}},"12":{"start":{"line":35,"column":17},"end":{"line":35,"column":36}},"13":{"start":{"line":36,"column":31},"end":{"line":36,"column":33}},"14":{"start":{"line":37,"column":2},"end":{"line":42,"column":5}},"15":{"start":{"line":38,"column":20},"end":{"line":38,"column":42}},"16":{"start":{"line":39,"column":4},"end":{"line":41,"column":7}},"17":{"start":{"line":40,"column":6},"end":{"line":40,"column":35}},"18":{"start":{"line":43,"column":2},"end":{"line":43,"column":19}},"19":{"start":{"line":274,"column":2},"end":{"line":274,"column":21}},"20":{"start":{"line":53,"column":34},"end":{"line":55,"column":4}},"21":{"start":{"line":56,"column":2},"end":{"line":58,"column":null}},"22":{"start":{"line":57,"column":4},"end":{"line":57,"column":38}},"23":{"start":{"line":59,"column":2},"end":{"line":59,"column":15}},"24":{"start":{"line":277,"column":2},"end":{"line":277,"column":19}},"25":{"start":{"line":69,"column":20},"end":{"line":69,"column":39}},"26":{"start":{"line":70,"column":14},"end":{"line":70,"column":42}},"27":{"start":{"line":71,"column":23},"end":{"line":71,"column":38}},"28":{"start":{"line":72,"column":2},"end":{"line":75,"column":4}},"29":{"start":{"line":275,"column":2},"end":{"line":275,"column":17}},"30":{"start":{"line":79,"column":2},"end":{"line":79,"column":56}},"31":{"start":{"line":278,"column":2},"end":{"line":278,"column":13}},"32":{"start":{"line":82,"column":2},"end":{"line":82,"column":47}},"33":{"start":{"line":279,"column":2},"end":{"line":279,"column":13}},"34":{"start":{"line":85,"column":2},"end":{"line":85,"column":64}},"35":{"start":{"line":280,"column":2},"end":{"line":280,"column":17}},"36":{"start":{"line":88,"column":2},"end":{"line":88,"column":46}},"37":{"start":{"line":281,"column":2},"end":{"line":281,"column":25}},"38":{"start":{"line":91,"column":2},"end":{"line":91,"column":28}},"39":{"start":{"line":282,"column":2},"end":{"line":282,"column":23}},"40":{"start":{"line":94,"column":2},"end":{"line":94,"column":77}},"41":{"start":{"line":283,"column":2},"end":{"line":283,"column":12}},"42":{"start":{"line":97,"column":2},"end":{"line":97,"column":28}},"43":{"start":{"line":284,"column":2},"end":{"line":284,"column":14}},"44":{"start":{"line":100,"column":2},"end":{"line":100,"column":51}},"45":{"start":{"line":285,"column":2},"end":{"line":285,"column":21}},"46":{"start":{"line":103,"column":2},"end":{"line":103,"column":81}},"47":{"start":{"line":286,"column":2},"end":{"line":286,"column":20}},"48":{"start":{"line":106,"column":2},"end":{"line":106,"column":56}},"49":{"start":{"line":287,"column":2},"end":{"line":287,"column":20}},"50":{"start":{"line":109,"column":2},"end":{"line":109,"column":50}},"51":{"start":{"line":288,"column":2},"end":{"line":288,"column":27}},"52":{"start":{"line":112,"column":2},"end":{"line":112,"column":73}},"53":{"start":{"line":289,"column":2},"end":{"line":289,"column":16}},"54":{"start":{"line":115,"column":2},"end":{"line":115,"column":81}},"55":{"start":{"line":290,"column":2},"end":{"line":290,"column":13}},"56":{"start":{"line":118,"column":2},"end":{"line":118,"column":78}},"57":{"start":{"line":291,"column":2},"end":{"line":291,"column":13}},"58":{"start":{"line":133,"column":32},"end":{"line":136,"column":4}},"59":{"start":{"line":137,"column":2},"end":{"line":137,"column":15}},"60":{"start":{"line":292,"column":2},"end":{"line":292,"column":15}},"61":{"start":{"line":141,"column":2},"end":{"line":141,"column":56}},"62":{"start":{"line":293,"column":2},"end":{"line":293,"column":17}},"63":{"start":{"line":144,"column":2},"end":{"line":144,"column":64}},"64":{"start":{"line":294,"column":2},"end":{"line":294,"column":17}},"65":{"start":{"line":147,"column":2},"end":{"line":147,"column":71}},"66":{"start":{"line":295,"column":2},"end":{"line":295,"column":34}},"67":{"start":{"line":156,"column":32},"end":{"line":159,"column":4}},"68":{"start":{"line":160,"column":2},"end":{"line":160,"column":15}},"69":{"start":{"line":296,"column":2},"end":{"line":296,"column":16}},"70":{"start":{"line":164,"column":2},"end":{"line":164,"column":83}},"71":{"start":{"line":297,"column":2},"end":{"line":297,"column":28}},"72":{"start":{"line":167,"column":2},"end":{"line":167,"column":80}},"73":{"start":{"line":298,"column":2},"end":{"line":298,"column":29}},"74":{"start":{"line":170,"column":2},"end":{"line":170,"column":87}},"75":{"start":{"line":299,"column":2},"end":{"line":299,"column":21}},"76":{"start":{"line":173,"column":2},"end":{"line":173,"column":81}},"77":{"start":{"line":300,"column":2},"end":{"line":300,"column":16}},"78":{"start":{"line":176,"column":2},"end":{"line":176,"column":47}},"79":{"start":{"line":301,"column":2},"end":{"line":301,"column":23}},"80":{"start":{"line":179,"column":2},"end":{"line":179,"column":71}},"81":{"start":{"line":302,"column":2},"end":{"line":302,"column":16}},"82":{"start":{"line":196,"column":38},"end":{"line":201,"column":4}},"83":{"start":{"line":202,"column":2},"end":{"line":202,"column":15}},"84":{"start":{"line":303,"column":2},"end":{"line":303,"column":30}},"85":{"start":{"line":211,"column":38},"end":{"line":216,"column":4}},"86":{"start":{"line":217,"column":2},"end":{"line":217,"column":15}},"87":{"start":{"line":304,"column":2},"end":{"line":304,"column":31}},"88":{"start":{"line":220,"column":2},"end":{"line":220,"column":79}},"89":{"start":{"line":305,"column":2},"end":{"line":305,"column":30}},"90":{"start":{"line":223,"column":2},"end":{"line":223,"column":79}},"91":{"start":{"line":306,"column":2},"end":{"line":306,"column":28}},"92":{"start":{"line":233,"column":2},"end":{"line":236,"column":4}},"93":{"start":{"line":307,"column":2},"end":{"line":307,"column":32}},"94":{"start":{"line":240,"column":2},"end":{"line":240,"column":78}},"95":{"start":{"line":308,"column":2},"end":{"line":308,"column":28}},"96":{"start":{"line":243,"column":2},"end":{"line":243,"column":87}},"97":{"start":{"line":309,"column":2},"end":{"line":309,"column":28}},"98":{"start":{"line":246,"column":2},"end":{"line":246,"column":80}},"99":{"start":{"line":310,"column":2},"end":{"line":310,"column":23}},"100":{"start":{"line":250,"column":2},"end":{"line":250,"column":48}},"101":{"start":{"line":311,"column":2},"end":{"line":311,"column":21}},"102":{"start":{"line":254,"column":12},"end":{"line":254,"column":31}},"103":{"start":{"line":255,"column":12},"end":{"line":255,"column":31}},"104":{"start":{"line":256,"column":2},"end":{"line":256,"column":47}},"105":{"start":{"line":312,"column":2},"end":{"line":312,"column":30}},"106":{"start":{"line":259,"column":13},"end":{"line":270,"column":11}},"107":{"start":{"line":313,"column":2},"end":{"line":313,"column":6}}},"fnMap":{"0":{"name":"formatNumber","decl":{"start":{"line":5,"column":9},"end":{"line":5,"column":21}},"loc":{"start":{"line":5,"column":35},"end":{"line":7,"column":1}}},"1":{"name":"checkHex","decl":{"start":{"line":10,"column":9},"end":{"line":10,"column":17}},"loc":{"start":{"line":10,"column":27},"end":{"line":12,"column":1}}},"2":{"name":"Hex2Bin","decl":{"start":{"line":14,"column":9},"end":{"line":14,"column":16}},"loc":{"start":{"line":14,"column":26},"end":{"line":19,"column":1}}},"3":{"name":"zeroFill","decl":{"start":{"line":21,"column":9},"end":{"line":21,"column":17}},"loc":{"start":{"line":21,"column":47},"end":{"line":27,"column":1}}},"4":{"name":"bitDecoder","decl":{"start":{"line":29,"column":9},"end":{"line":29,"column":19}},"loc":{"start":{"line":29,"column":32},"end":{"line":31,"column":1}}},"5":{"name":"convertPIDSupported","decl":{"start":{"line":33,"column":9},"end":{"line":33,"column":28}},"loc":{"start":{"line":33,"column":87},"end":{"line":44,"column":1}}},"6":{"name":"(anonymous_6)","decl":{"start":{"line":37,"column":17},"end":{"line":37,"column":18}},"loc":{"start":{"line":37,"column":25},"end":{"line":42,"column":3}}},"7":{"name":"(anonymous_7)","decl":{"start":{"line":39,"column":20},"end":{"line":39,"column":21}},"loc":{"start":{"line":39,"column":37},"end":{"line":41,"column":5}}},"8":{"name":"convertFuelSystem","decl":{"start":{"line":52,"column":9},"end":{"line":52,"column":26}},"loc":{"start":{"line":52,"column":56},"end":{"line":60,"column":1}}},"9":{"name":"convertDTCCheck","decl":{"start":{"line":68,"column":9},"end":{"line":68,"column":24}},"loc":{"start":{"line":68,"column":38},"end":{"line":76,"column":1}}},"10":{"name":"convertLoad","decl":{"start":{"line":78,"column":9},"end":{"line":78,"column":20}},"loc":{"start":{"line":78,"column":33},"end":{"line":80,"column":1}}},"11":{"name":"convertTemp","decl":{"start":{"line":81,"column":9},"end":{"line":81,"column":20}},"loc":{"start":{"line":81,"column":33},"end":{"line":83,"column":1}}},"12":{"name":"convertFuelTrim","decl":{"start":{"line":84,"column":9},"end":{"line":84,"column":24}},"loc":{"start":{"line":84,"column":37},"end":{"line":86,"column":1}}},"13":{"name":"convertFuelRailPressure","decl":{"start":{"line":87,"column":9},"end":{"line":87,"column":32}},"loc":{"start":{"line":87,"column":45},"end":{"line":89,"column":1}}},"14":{"name":"convertIntakePressure","decl":{"start":{"line":90,"column":9},"end":{"line":90,"column":30}},"loc":{"start":{"line":90,"column":43},"end":{"line":92,"column":1}}},"15":{"name":"convertRPM","decl":{"start":{"line":93,"column":9},"end":{"line":93,"column":19}},"loc":{"start":{"line":93,"column":48},"end":{"line":95,"column":1}}},"16":{"name":"convertSpeed","decl":{"start":{"line":96,"column":9},"end":{"line":96,"column":21}},"loc":{"start":{"line":96,"column":34},"end":{"line":98,"column":1}}},"17":{"name":"convertSparkAdvance","decl":{"start":{"line":99,"column":9},"end":{"line":99,"column":28}},"loc":{"start":{"line":99,"column":41},"end":{"line":101,"column":1}}},"18":{"name":"convertAirFlowRate","decl":{"start":{"line":102,"column":9},"end":{"line":102,"column":27}},"loc":{"start":{"line":102,"column":56},"end":{"line":104,"column":1}}},"19":{"name":"convertThrottlePos","decl":{"start":{"line":105,"column":9},"end":{"line":105,"column":27}},"loc":{"start":{"line":105,"column":40},"end":{"line":107,"column":1}}},"20":{"name":"convertOxygenSensorOutput","decl":{"start":{"line":108,"column":9},"end":{"line":108,"column":34}},"loc":{"start":{"line":108,"column":47},"end":{"line":110,"column":1}}},"21":{"name":"convertRuntime","decl":{"start":{"line":111,"column":9},"end":{"line":111,"column":23}},"loc":{"start":{"line":111,"column":52},"end":{"line":113,"column":1}}},"22":{"name":"convertfrpm","decl":{"start":{"line":114,"column":9},"end":{"line":114,"column":20}},"loc":{"start":{"line":114,"column":49},"end":{"line":116,"column":1}}},"23":{"name":"convertfrpd","decl":{"start":{"line":117,"column":9},"end":{"line":117,"column":20}},"loc":{"start":{"line":117,"column":49},"end":{"line":119,"column":1}}},"24":{"name":"convertLambda","decl":{"start":{"line":127,"column":9},"end":{"line":127,"column":22}},"loc":{"start":{"line":131,"column":15},"end":{"line":138,"column":1}}},"25":{"name":"convertPercentA","decl":{"start":{"line":140,"column":9},"end":{"line":140,"column":24}},"loc":{"start":{"line":140,"column":37},"end":{"line":142,"column":1}}},"26":{"name":"convertPercentB","decl":{"start":{"line":143,"column":9},"end":{"line":143,"column":24}},"loc":{"start":{"line":143,"column":37},"end":{"line":145,"column":1}}},"27":{"name":"convertDistanceSinceCodesCleared","decl":{"start":{"line":146,"column":9},"end":{"line":146,"column":41}},"loc":{"start":{"line":146,"column":70},"end":{"line":148,"column":1}}},"28":{"name":"convertLambda2","decl":{"start":{"line":150,"column":9},"end":{"line":150,"column":23}},"loc":{"start":{"line":154,"column":15},"end":{"line":161,"column":1}}},"29":{"name":"convertCatalystTemperature","decl":{"start":{"line":163,"column":9},"end":{"line":163,"column":35}},"loc":{"start":{"line":163,"column":64},"end":{"line":165,"column":1}}},"30":{"name":"convertControlModuleVoltage","decl":{"start":{"line":166,"column":9},"end":{"line":166,"column":36}},"loc":{"start":{"line":166,"column":65},"end":{"line":168,"column":1}}},"31":{"name":"convertAbsoluteLoad","decl":{"start":{"line":169,"column":9},"end":{"line":169,"column":28}},"loc":{"start":{"line":169,"column":57},"end":{"line":171,"column":1}}},"32":{"name":"convertLambda3","decl":{"start":{"line":172,"column":9},"end":{"line":172,"column":23}},"loc":{"start":{"line":172,"column":52},"end":{"line":174,"column":1}}},"33":{"name":"convertAmbientAirTemp","decl":{"start":{"line":175,"column":9},"end":{"line":175,"column":30}},"loc":{"start":{"line":175,"column":43},"end":{"line":177,"column":1}}},"34":{"name":"convertMinutes","decl":{"start":{"line":178,"column":9},"end":{"line":178,"column":23}},"loc":{"start":{"line":178,"column":52},"end":{"line":180,"column":1}}},"35":{"name":"convertExternalTestEquipment","decl":{"start":{"line":190,"column":9},"end":{"line":190,"column":37}},"loc":{"start":{"line":194,"column":15},"end":{"line":203,"column":1}}},"36":{"name":"convertExternalTestEquipment2","decl":{"start":{"line":205,"column":9},"end":{"line":205,"column":38}},"loc":{"start":{"line":209,"column":15},"end":{"line":218,"column":1}}},"37":{"name":"convertAbsoluteVaporPressure","decl":{"start":{"line":219,"column":9},"end":{"line":219,"column":37}},"loc":{"start":{"line":219,"column":66},"end":{"line":221,"column":1}}},"38":{"name":"convertSystemVaporPressure","decl":{"start":{"line":222,"column":9},"end":{"line":222,"column":35}},"loc":{"start":{"line":222,"column":64},"end":{"line":224,"column":1}}},"39":{"name":"convertShortOxygenSensorOutput","decl":{"start":{"line":232,"column":9},"end":{"line":232,"column":39}},"loc":{"start":{"line":232,"column":68},"end":{"line":237,"column":1}}},"40":{"name":"convertFuelRailPressureAbs","decl":{"start":{"line":239,"column":9},"end":{"line":239,"column":35}},"loc":{"start":{"line":239,"column":64},"end":{"line":241,"column":1}}},"41":{"name":"convertFuelInjectionTiming","decl":{"start":{"line":242,"column":9},"end":{"line":242,"column":35}},"loc":{"start":{"line":242,"column":64},"end":{"line":244,"column":1}}},"42":{"name":"convertEngineFuelRate","decl":{"start":{"line":245,"column":9},"end":{"line":245,"column":30}},"loc":{"start":{"line":245,"column":59},"end":{"line":247,"column":1}}},"43":{"name":"convertEngineTorque","decl":{"start":{"line":249,"column":9},"end":{"line":249,"column":28}},"loc":{"start":{"line":249,"column":41},"end":{"line":251,"column":1}}},"44":{"name":"convertExhaustGasTemperature","decl":{"start":{"line":253,"column":9},"end":{"line":253,"column":37}},"loc":{"start":{"line":253,"column":66},"end":{"line":257,"column":1}}}},"branchMap":{"0":{"loc":{"start":{"line":15,"column":2},"end":{"line":17,"column":null}},"type":"if","locations":[{"start":{"line":15,"column":2},"end":{"line":17,"column":null}}]},"1":{"loc":{"start":{"line":23,"column":2},"end":{"line":25,"column":null}},"type":"if","locations":[{"start":{"line":23,"column":2},"end":{"line":25,"column":null}}]},"2":{"loc":{"start":{"line":24,"column":30},"end":{"line":24,"column":55}},"type":"cond-expr","locations":[{"start":{"line":24,"column":50},"end":{"line":24,"column":51}},{"start":{"line":24,"column":54},"end":{"line":24,"column":55}}]},"3":{"loc":{"start":{"line":56,"column":2},"end":{"line":58,"column":null}},"type":"if","locations":[{"start":{"line":56,"column":2},"end":{"line":58,"column":null}}]},"4":{"loc":{"start":{"line":70,"column":14},"end":{"line":70,"column":42}},"type":"cond-expr","locations":[{"start":{"line":70,"column":37},"end":{"line":70,"column":38}},{"start":{"line":70,"column":41},"end":{"line":70,"column":42}}]}},"s":{"0":31,"1":24,"2":24,"3":0,"4":24,"5":24,"6":24,"7":11,"8":13,"9":17,"10":1,"11":3,"12":3,"13":3,"14":3,"15":24,"16":24,"17":96,"18":3,"19":1,"20":2,"21":2,"22":1,"23":2,"24":1,"25":1,"26":1,"27":1,"28":1,"29":1,"30":2,"31":1,"32":3,"33":1,"34":3,"35":1,"36":1,"37":1,"38":0,"39":1,"40":2,"41":1,"42":1,"43":1,"44":0,"45":1,"46":1,"47":1,"48":1,"49":1,"50":0,"51":1,"52":0,"53":1,"54":0,"55":1,"56":0,"57":1,"58":3,"59":3,"60":1,"61":1,"62":1,"63":0,"64":1,"65":0,"66":1,"67":1,"68":1,"69":1,"70":2,"71":1,"72":1,"73":1,"74":1,"75":1,"76":0,"77":1,"78":1,"79":1,"80":0,"81":1,"82":2,"83":2,"84":1,"85":1,"86":1,"87":1,"88":1,"89":1,"90":1,"91":1,"92":0,"93":1,"94":0,"95":1,"96":0,"97":1,"98":0,"99":1,"100":1,"101":1,"102":1,"103":1,"104":1,"105":1,"106":1,"107":1},"f":{"0":31,"1":24,"2":24,"3":24,"4":17,"5":3,"6":24,"7":96,"8":2,"9":1,"10":2,"11":3,"12":3,"13":1,"14":0,"15":2,"16":1,"17":0,"18":1,"19":1,"20":0,"21":0,"22":0,"23":0,"24":3,"25":1,"26":0,"27":0,"28":1,"29":2,"30":1,"31":1,"32":0,"33":1,"34":0,"35":2,"36":1,"37":1,"38":1,"39":0,"40":0,"41":0,"42":0,"43":1,"44":1},"b":{"0":[0],"1":[11],"2":[0,11],"3":[1],"4":[1,0]}}
,"/Users/rakshitbharat/hardware/obd-raw-data-parser/src/obdPIDS.ts": {"path":"/Users/rakshitbharat/hardware/obd-raw-data-parser/src/obdPIDS.ts","statementMap":{"0":{"start":{"line":1,"column":0},"end":{"line":1,"column":44}},"1":{"start":{"line":2,"column":0},"end":{"line":2,"column":null}},"2":{"start":{"line":44,"column":28},"end":{"line":44,"column":39}},"3":{"start":{"line":46,"column":32},"end":{"line":1251,"column":4}},"4":{"start":{"line":1253,"column":0},"end":{"line":1253,"column":28}}},"fnMap":{},"branchMap":{},"s":{"0":1,"1":1,"2":1,"3":1,"4":1},"f":{},"b":{}}
,"/Users/rakshitbharat/hardware/obd-raw-data-parser/src/obdTypes.ts": {"path":"/Users/rakshitbharat/hardware/obd-raw-data-parser/src/obdTypes.ts","statementMap":{"0":{"start":{"line":13,"column":0},"end":{"line":13,"column":null}},"1":{"start":{"line":14,"column":2},"end":{"line":14,"column":null}},"2":{"start":{"line":15,"column":2},"end":{"line":15,"column":null}},"3":{"start":{"line":16,"column":2},"end":{"line":16,"column":null}},"4":{"start":{"line":17,"column":2},"end":{"line":17,"column":null}}},"fnMap":{"0":{"name":"(anonymous_0)","decl":{"start":{"line":13,"column":0},"end":{"line":13,"column":12}},"loc":{"start":{"line":13,"column":17},"end":{"line":18,"column":1}}}},"branchMap":{"0":{"loc":{"start":{"line":13,"column":12},"end":{"line":13,"column":null}},"type":"binary-expr","locations":[{"start":{"line":13,"column":12},"end":{"line":13,"column":17}},{"start":{"line":13,"column":12},"end":{"line":13,"column":null}}]}},"s":{"0":1,"1":1,"2":1,"3":1,"4":1},"f":{"0":1},"b":{"0":[1,1]}}
,"/Users/rakshitbharat/hardware/obd-raw-data-parser/src/obdUtils.ts": {"path":"/Users/rakshitbharat/hardware/obd-raw-data-parser/src/obdUtils.ts","statementMap":{"0":{"start":{"line":2,"column":2},"end":{"line":2,"column":39}},"1":{"start":{"line":1,"column":0},"end":{"line":1,"column":16}},"2":{"start":{"line":6,"column":2},"end":{"line":8,"column":null}},"3":{"start":{"line":7,"column":4},"end":{"line":7,"column":14}},"4":{"start":{"line":9,"column":17},"end":{"line":9,"column":44}},"5":{"start":{"line":10,"column":2},"end":{"line":10,"column":39}},"6":{"start":{"line":5,"column":0},"end":{"line":5,"column":16}},"7":{"start":{"line":14,"column":2},"end":{"line":14,"column":25}},"8":{"start":{"line":15,"column":2},"end":{"line":17,"column":null}},"9":{"start":{"line":16,"column":4},"end":{"line":16,"column":38}},"10":{"start":{"line":18,"column":2},"end":{"line":18,"column":16}}},"fnMap":{"0":{"name":"checkHex","decl":{"start":{"line":1,"column":16},"end":{"line":1,"column":24}},"loc":{"start":{"line":1,"column":34},"end":{"line":3,"column":1}}},"1":{"name":"Hex2Bin","decl":{"start":{"line":5,"column":16},"end":{"line":5,"column":23}},"loc":{"start":{"line":5,"column":33},"end":{"line":11,"column":1}}},"2":{"name":"zeroFill","decl":{"start":{"line":13,"column":9},"end":{"line":13,"column":17}},"loc":{"start":{"line":13,"column":47},"end":{"line":19,"column":1}}}},"branchMap":{"0":{"loc":{"start":{"line":6,"column":2},"end":{"line":8,"column":null}},"type":"if","locations":[{"start":{"line":6,"column":2},"end":{"line":8,"column":null}}]},"1":{"loc":{"start":{"line":15,"column":2},"end":{"line":17,"column":null}},"type":"if","locations":[{"start":{"line":15,"column":2},"end":{"line":17,"column":null}}]}},"s":{"0":21,"1":1,"2":12,"3":4,"4":8,"5":8,"6":1,"7":8,"8":8,"9":2,"10":6},"f":{"0":21,"1":12,"2":8},"b":{"0":[4],"1":[2]}}
}
