TN:
SF:src/index.ts
FN:4,parseOBDResponse
FN:99,getPIDInfo
FN:100,(anonymous_3)
FN:104,getAllPIDs
FNF:4
FNH:4
FNDA:47,parseOBDResponse
FNDA:2,getPIDInfo
FNDA:116,(anonymous_3)
FNDA:1,getAllPIDs
DA:1,1
DA:4,1
DA:5,47
DA:7,47
DA:9,47
DA:16,5
DA:17,5
DA:20,42
DA:21,42
DA:23,42
DA:24,174
DA:27,42
DA:28,40
DA:29,40
DA:30,40
DA:31,1527
DA:32,39
DA:34,39
DA:35,39
DA:37,39
DA:38,39
DA:39,0
DA:42,39
DA:44,15
DA:45,15
DA:47,13
DA:48,13
DA:50,11
DA:56,11
DA:58,0
DA:68,0
DA:70,39
DA:73,2
DA:74,1
DA:75,1
DA:76,103
DA:77,0
DA:78,0
DA:79,0
DA:82,0
DA:83,0
DA:85,0
DA:96,42
DA:99,1
DA:100,116
DA:101,2
DA:104,1
DA:105,1
LF:48
LH:39
BRDA:9,0,0,5
BRDA:10,1,0,47
BRDA:10,1,1,46
BRDA:10,1,2,45
BRDA:10,1,3,44
BRDA:10,1,4,43
BRDA:27,2,0,40
BRDA:27,2,1,2
BRDA:31,3,0,39
BRDA:38,4,0,0
BRDA:42,5,0,15
BRDA:42,5,1,13
BRDA:42,5,2,11
BRDA:42,5,3,0
BRDA:73,6,0,1
BRDA:76,7,0,0
BRDA:78,8,0,0
BRDA:101,9,0,2
BRDA:101,9,1,1
BRF:19
BRH:15
end_of_record
TN:
SF:src/obdInfo.ts
FN:5,formatNumber
FN:10,checkHex
FN:14,Hex2Bin
FN:21,zeroFill
FN:29,bitDecoder
FN:33,convertPIDSupported
FN:37,(anonymous_6)
FN:39,(anonymous_7)
FN:52,convertFuelSystem
FN:68,convertDTCCheck
FN:78,convertLoad
FN:81,convertTemp
FN:84,convertFuelTrim
FN:87,convertFuelRailPressure
FN:90,convertIntakePressure
FN:93,convertRPM
FN:96,convertSpeed
FN:99,convertSparkAdvance
FN:102,convertAirFlowRate
FN:105,convertThrottlePos
FN:108,convertOxygenSensorOutput
FN:111,convertRuntime
FN:114,convertfrpm
FN:117,convertfrpd
FN:127,convertLambda
FN:140,convertPercentA
FN:143,convertPercentB
FN:146,convertDistanceSinceCodesCleared
FN:150,convertLambda2
FN:163,convertCatalystTemperature
FN:166,convertControlModuleVoltage
FN:169,convertAbsoluteLoad
FN:172,convertLambda3
FN:175,convertAmbientAirTemp
FN:178,convertMinutes
FN:190,convertExternalTestEquipment
FN:205,convertExternalTestEquipment2
FN:219,convertAbsoluteVaporPressure
FN:222,convertSystemVaporPressure
FN:232,convertShortOxygenSensorOutput
FN:239,convertFuelRailPressureAbs
FN:242,convertFuelInjectionTiming
FN:245,convertEngineFuelRate
FN:249,convertEngineTorque
FN:253,convertExhaustGasTemperature
FNF:45
FNH:31
FNDA:31,formatNumber
FNDA:24,checkHex
FNDA:24,Hex2Bin
FNDA:24,zeroFill
FNDA:17,bitDecoder
FNDA:3,convertPIDSupported
FNDA:24,(anonymous_6)
FNDA:96,(anonymous_7)
FNDA:2,convertFuelSystem
FNDA:1,convertDTCCheck
FNDA:2,convertLoad
FNDA:3,convertTemp
FNDA:3,convertFuelTrim
FNDA:1,convertFuelRailPressure
FNDA:0,convertIntakePressure
FNDA:2,convertRPM
FNDA:1,convertSpeed
FNDA:0,convertSparkAdvance
FNDA:1,convertAirFlowRate
FNDA:1,convertThrottlePos
FNDA:0,convertOxygenSensorOutput
FNDA:0,convertRuntime
FNDA:0,convertfrpm
FNDA:0,convertfrpd
FNDA:3,convertLambda
FNDA:1,convertPercentA
FNDA:0,convertPercentB
FNDA:0,convertDistanceSinceCodesCleared
FNDA:1,convertLambda2
FNDA:2,convertCatalystTemperature
FNDA:1,convertControlModuleVoltage
FNDA:1,convertAbsoluteLoad
FNDA:0,convertLambda3
FNDA:1,convertAmbientAirTemp
FNDA:0,convertMinutes
FNDA:2,convertExternalTestEquipment
FNDA:1,convertExternalTestEquipment2
FNDA:1,convertAbsoluteVaporPressure
FNDA:1,convertSystemVaporPressure
FNDA:0,convertShortOxygenSensorOutput
FNDA:0,convertFuelRailPressureAbs
FNDA:0,convertFuelInjectionTiming
FNDA:0,convertEngineFuelRate
FNDA:1,convertEngineTorque
FNDA:1,convertExhaustGasTemperature
DA:6,31
DA:11,24
DA:15,24
DA:16,0
DA:18,24
DA:22,24
DA:23,24
DA:24,11
DA:26,13
DA:30,17
DA:34,3
DA:35,3
DA:36,3
DA:37,3
DA:38,24
DA:39,24
DA:40,96
DA:43,3
DA:53,2
DA:56,2
DA:57,1
DA:59,2
DA:69,1
DA:70,1
DA:71,1
DA:72,1
DA:79,2
DA:82,3
DA:85,3
DA:88,1
DA:91,0
DA:94,2
DA:97,1
DA:100,0
DA:103,1
DA:106,1
DA:109,0
DA:112,0
DA:115,0
DA:118,0
DA:133,3
DA:137,3
DA:141,1
DA:144,0
DA:147,0
DA:156,1
DA:160,1
DA:164,2
DA:167,1
DA:170,1
DA:173,0
DA:176,1
DA:179,0
DA:196,2
DA:202,2
DA:211,1
DA:217,1
DA:220,1
DA:223,1
DA:233,0
DA:240,0
DA:243,0
DA:246,0
DA:250,1
DA:254,1
DA:255,1
DA:256,1
DA:259,1
DA:274,1
DA:275,1
DA:276,1
DA:277,1
DA:278,1
DA:279,1
DA:280,1
DA:281,1
DA:282,1
DA:283,1
DA:284,1
DA:285,1
DA:286,1
DA:287,1
DA:288,1
DA:289,1
DA:290,1
DA:291,1
DA:292,1
DA:293,1
DA:294,1
DA:295,1
DA:296,1
DA:297,1
DA:298,1
DA:299,1
DA:300,1
DA:301,1
DA:302,1
DA:303,1
DA:304,1
DA:305,1
DA:306,1
DA:307,1
DA:308,1
DA:309,1
DA:310,1
DA:311,1
DA:312,1
DA:313,1
LF:108
LH:93
BRDA:15,0,0,0
BRDA:23,1,0,11
BRDA:24,2,0,0
BRDA:24,2,1,11
BRDA:56,3,0,1
BRDA:70,4,0,1
BRDA:70,4,1,0
BRF:7
BRH:4
end_of_record
TN:
SF:src/obdPIDS.ts
FNF:0
FNH:0
DA:1,1
DA:2,1
DA:44,1
DA:46,1
DA:1253,1
LF:5
LH:5
BRF:0
BRH:0
end_of_record
TN:
SF:src/obdTypes.ts
FN:13,(anonymous_0)
FNF:1
FNH:1
FNDA:1,(anonymous_0)
DA:13,1
DA:14,1
DA:15,1
DA:16,1
DA:17,1
LF:5
LH:5
BRDA:13,0,0,1
BRDA:13,0,1,1
BRF:2
BRH:2
end_of_record
TN:
SF:src/obdUtils.ts
FN:1,checkHex
FN:5,Hex2Bin
FN:13,zeroFill
FNF:3
FNH:3
FNDA:21,checkHex
FNDA:12,Hex2Bin
FNDA:8,zeroFill
DA:1,1
DA:2,21
DA:5,1
DA:6,12
DA:7,4
DA:9,8
DA:10,8
DA:14,8
DA:15,8
DA:16,2
DA:18,6
LF:11
LH:11
BRDA:6,0,0,4
BRDA:15,1,0,2
BRF:2
BRH:2
end_of_record
